<?xml version="1.0" encoding="UTF-8"?>
<!-- Generated by org.testng.reporters.JUnitReportReporter -->
<testsuite hostname="Z51" failures="0" tests="1" name="tests.LoginTest" time="8.256" errors="0" timestamp="2021-09-30T14:59:38 IST" skipped="0">
  <testcase classname="tests.LoginTest" name="login" time="8.256"/>
  <system-out/>
</testsuite> <!-- tests.LoginTest -->
